Flow report for adat-interface
Sun Oct 29 02:09:15 2023
Quartus II 32-bit Version 13.0.1 Build 232 06/12/2013 Service Pack 1 SJ Web Edition


---------------------
; Table of Contents ;
---------------------
  1. Legal Notice
  2. Flow Summary
  3. Flow Settings
  4. Flow Non-Default Global Settings
  5. Flow Elapsed Time
  6. Flow OS Summary
  7. Flow Log
  8. Flow Messages
  9. Flow Suppressed Messages



----------------
; Legal Notice ;
----------------
Copyright (C) 1991-2013 Altera Corporation
Your use of Altera Corporation's design tools, logic functions 
and other software and tools, and its AMPP partner logic 
functions, and any output files from any of the foregoing 
(including device programming or simulation files), and any 
associated documentation or information are expressly subject 
to the terms and conditions of the Altera Program License 
Subscription Agreement, Altera MegaCore Function License 
Agreement, or other applicable license agreement, including, 
without limitation, that your use is for the sole purpose of 
programming logic devices manufactured by Altera and sold by 
Altera or its authorized distributors.  Please refer to the 
applicable agreement for further details.



+--------------------------------------------------------------------------------------+
; Flow Summary                                                                         ;
+------------------------------------+-------------------------------------------------+
; Flow Status                        ; Successful - Sun Oct 29 02:09:15 2023           ;
; Quartus II 32-bit Version          ; 13.0.1 Build 232 06/12/2013 SP 1 SJ Web Edition ;
; Revision Name                      ; adat-interface                                  ;
; Top-level Entity Name              ; adat_interface                                  ;
; Family                             ; Cyclone II                                      ;
; Device                             ; EP2C5T144C8                                     ;
; Timing Models                      ; Final                                           ;
; Total logic elements               ; 1,904 / 4,608 ( 41 % )                          ;
;     Total combinational functions  ; 617 / 4,608 ( 13 % )                            ;
;     Dedicated logic registers      ; 1,835 / 4,608 ( 40 % )                          ;
; Total registers                    ; 1835                                            ;
; Total pins                         ; 18 / 89 ( 20 % )                                ;
; Total virtual pins                 ; 0                                               ;
; Total memory bits                  ; 0 / 119,808 ( 0 % )                             ;
; Embedded Multiplier 9-bit elements ; 4 / 26 ( 15 % )                                 ;
; Total PLLs                         ; 1 / 2 ( 50 % )                                  ;
+------------------------------------+-------------------------------------------------+


+-----------------------------------------+
; Flow Settings                           ;
+-------------------+---------------------+
; Option            ; Setting             ;
+-------------------+---------------------+
; Start date & time ; 10/29/2023 02:08:45 ;
; Main task         ; Compilation         ;
; Revision Name     ; adat-interface      ;
+-------------------+---------------------+


+--------------------------------------------------------------------------------------------------------------------------------+
; Flow Non-Default Global Settings                                                                                               ;
+-------------------------------------+---------------------------------------+----------------+----------------+----------------+
; Assignment Name                     ; Value                                 ; Default Value  ; Entity Name    ; Section Id     ;
+-------------------------------------+---------------------------------------+----------------+----------------+----------------+
; COMPILER_SIGNATURE_ID               ; 0.169855972552950                     ; --             ; --             ; --             ;
; EDA_OUTPUT_DATA_FORMAT              ; Vhdl                                  ; --             ; --             ; eda_simulation ;
; EDA_SIMULATION_TOOL                 ; ModelSim-Altera (VHDL)                ; <None>         ; --             ; --             ;
; MAX_CORE_JUNCTION_TEMP              ; 85                                    ; --             ; --             ; --             ;
; MIN_CORE_JUNCTION_TEMP              ; 0                                     ; --             ; --             ; --             ;
; PARTITION_COLOR                     ; 16764057                              ; --             ; adat_interface ; Top            ;
; PARTITION_FITTER_PRESERVATION_LEVEL ; PLACEMENT_AND_ROUTING                 ; --             ; adat_interface ; Top            ;
; PARTITION_NETLIST_TYPE              ; SOURCE                                ; --             ; adat_interface ; Top            ;
; POWER_BOARD_THERMAL_MODEL           ; None (CONSERVATIVE)                   ; --             ; --             ; --             ;
; POWER_PRESET_COOLING_SOLUTION       ; 23 MM HEAT SINK WITH 200 LFPM AIRFLOW ; --             ; --             ; --             ;
; PROJECT_OUTPUT_DIRECTORY            ; output_files                          ; --             ; --             ; --             ;
; TOP_LEVEL_ENTITY                    ; adat_interface                        ; adat-interface ; --             ; --             ;
+-------------------------------------+---------------------------------------+----------------+----------------+----------------+


+-------------------------------------------------------------------------------------------------------------------------------+
; Flow Elapsed Time                                                                                                             ;
+---------------------------+--------------+-------------------------+---------------------+------------------------------------+
; Module Name               ; Elapsed Time ; Average Processors Used ; Peak Virtual Memory ; Total CPU Time (on all processors) ;
+---------------------------+--------------+-------------------------+---------------------+------------------------------------+
; Analysis & Synthesis      ; 00:00:04     ; 1.0                     ; 375 MB              ; 00:00:04                           ;
; Fitter                    ; 00:00:12     ; 1.0                     ; 415 MB              ; 00:00:13                           ;
; Assembler                 ; 00:00:02     ; 1.0                     ; 334 MB              ; 00:00:01                           ;
; TimeQuest Timing Analyzer ; 00:00:02     ; 1.0                     ; 320 MB              ; 00:00:02                           ;
; EDA Netlist Writer        ; 00:00:02     ; 1.0                     ; 310 MB              ; 00:00:02                           ;
; Total                     ; 00:00:22     ; --                      ; --                  ; 00:00:22                           ;
+---------------------------+--------------+-------------------------+---------------------+------------------------------------+


+-------------------------------------------------------------------------------------------+
; Flow OS Summary                                                                           ;
+---------------------------+------------------+--------------+------------+----------------+
; Module Name               ; Machine Hostname ; OS Name      ; OS Version ; Processor type ;
+---------------------------+------------------+--------------+------------+----------------+
; Analysis & Synthesis      ; z800-office      ; Ubuntu 23.04 ; 23         ; x86_64         ;
; Fitter                    ; z800-office      ; Ubuntu 23.04 ; 23         ; x86_64         ;
; Assembler                 ; z800-office      ; Ubuntu 23.04 ; 23         ; x86_64         ;
; TimeQuest Timing Analyzer ; z800-office      ; Ubuntu 23.04 ; 23         ; x86_64         ;
; EDA Netlist Writer        ; z800-office      ; Ubuntu 23.04 ; 23         ; x86_64         ;
+---------------------------+------------------+--------------+------------+----------------+


------------
; Flow Log ;
------------
quartus_map --read_settings_files=on --write_settings_files=off adat-interface -c adat-interface
quartus_fit --read_settings_files=off --write_settings_files=off adat-interface -c adat-interface
quartus_asm --read_settings_files=off --write_settings_files=off adat-interface -c adat-interface
quartus_sta adat-interface -c adat-interface
quartus_eda --read_settings_files=off --write_settings_files=off adat-interface -c adat-interface



